<?xml version="1.0" encoding="UTF-8"?>
<!-- Generated by org.testng.reporters.JUnitXMLReporter -->
<testsuite ignored="0" hostname="DESKTOP-AIGVO6J" failures="0" tests="3" name="Test" time="51.055" errors="0" timestamp="2023-04-03T20:14:19 IST">
  <testcase classname="testPackage.TestUserCreated" name="user1" time="30.919"/>
  <testcase classname="testPackage.TestValidLogin" name="validLogin" time="0.149"/>
  <testcase classname="testPackage.TestInvalidLogin" name="invalidLogin" time="15.613"/>
</testsuite> <!-- Test -->
