<?xml version="1.0" encoding="UTF-8"?>
<testng-results ignored="0" total="3" passed="3" failed="0" skipped="0">
  <reporter-output>
  </reporter-output>
  <suite started-at="2023-04-03T20:13:28 IST" name="Suite" finished-at="2023-04-03T20:14:19 IST" duration-ms="51055">
    <groups>
    </groups>
    <test started-at="2023-04-03T20:13:28 IST" name="Test" finished-at="2023-04-03T20:14:19 IST" duration-ms="51055">
      <class name="testPackage.TestInvalidLogin">
        <test-method is-config="true" signature="setUp()[pri:0, instance:testPackage.TestInvalidLogin@10d307f1]" started-at="2023-04-03T20:14:02 IST" name="setUp" finished-at="2023-04-03T20:14:03 IST" duration-ms="962" status="PASS">
          <reporter-output>
          </reporter-output>
        </test-method> <!-- setUp -->
        <test-method signature="invalidLogin()[pri:0, instance:testPackage.TestInvalidLogin@10d307f1]" started-at="2023-04-03T20:14:03 IST" name="invalidLogin" finished-at="2023-04-03T20:14:19 IST" duration-ms="15613" status="PASS">
          <reporter-output>
          </reporter-output>
        </test-method> <!-- invalidLogin -->
        <test-method is-config="true" signature="tearDown()[pri:0, instance:testPackage.TestInvalidLogin@10d307f1]" started-at="2023-04-03T20:14:19 IST" name="tearDown" finished-at="2023-04-03T20:14:19 IST" duration-ms="221" status="PASS">
          <reporter-output>
          </reporter-output>
        </test-method> <!-- tearDown -->
      </class> <!-- testPackage.TestInvalidLogin -->
      <class name="testPackage.TestUserCreated">
        <test-method is-config="true" signature="setUp()[pri:0, instance:testPackage.TestUserCreated@a3d8174]" started-at="2023-04-03T20:13:28 IST" name="setUp" finished-at="2023-04-03T20:13:30 IST" duration-ms="1827" status="PASS">
          <reporter-output>
          </reporter-output>
        </test-method> <!-- setUp -->
        <test-method signature="user1()[pri:0, instance:testPackage.TestUserCreated@a3d8174]" started-at="2023-04-03T20:13:30 IST" name="user1" finished-at="2023-04-03T20:14:01 IST" duration-ms="30919" status="PASS">
          <reporter-output>
          </reporter-output>
        </test-method> <!-- user1 -->
        <test-method is-config="true" signature="tearDown()[pri:0, instance:testPackage.TestUserCreated@a3d8174]" started-at="2023-04-03T20:14:01 IST" name="tearDown" finished-at="2023-04-03T20:14:01 IST" duration-ms="184" status="PASS">
          <reporter-output>
          </reporter-output>
        </test-method> <!-- tearDown -->
      </class> <!-- testPackage.TestUserCreated -->
      <class name="testPackage.TestValidLogin">
        <test-method is-config="true" signature="setUp()[pri:0, instance:testPackage.TestValidLogin@49c7b90e]" started-at="2023-04-03T20:14:01 IST" name="setUp" finished-at="2023-04-03T20:14:02 IST" duration-ms="1028" status="PASS">
          <reporter-output>
          </reporter-output>
        </test-method> <!-- setUp -->
        <test-method signature="validLogin()[pri:0, instance:testPackage.TestValidLogin@49c7b90e]" started-at="2023-04-03T20:14:02 IST" name="validLogin" finished-at="2023-04-03T20:14:02 IST" duration-ms="149" status="PASS">
          <reporter-output>
          </reporter-output>
        </test-method> <!-- validLogin -->
        <test-method is-config="true" signature="tearDown()[pri:0, instance:testPackage.TestValidLogin@49c7b90e]" started-at="2023-04-03T20:14:02 IST" name="tearDown" finished-at="2023-04-03T20:14:02 IST" duration-ms="116" status="PASS">
          <reporter-output>
          </reporter-output>
        </test-method> <!-- tearDown -->
      </class> <!-- testPackage.TestValidLogin -->
    </test> <!-- Test -->
  </suite> <!-- Suite -->
</testng-results>
